0 info it worked if it ends with ok
1 verbose cli [ '/usr/bin/node', '/usr/bin/npm', 'run', 'format' ]
2 info using npm@3.5.2
3 info using node@v8.10.0
4 verbose run-script [ 'preformat', 'format', 'postformat' ]
5 info lifecycle home-site@1.0.0~preformat: home-site@1.0.0
6 silly lifecycle home-site@1.0.0~preformat: no script for preformat, continuing
7 info lifecycle home-site@1.0.0~format: home-site@1.0.0
8 verbose lifecycle home-site@1.0.0~format: unsafe-perm in lifecycle true
9 verbose lifecycle home-site@1.0.0~format: PATH: /usr/share/npm/bin/node-gyp-bin:/home/stelios/Documents/web-dev-2020/Home-Site/node_modules/.bin:/usr/local/sbin:/usr/local/bin:/usr/sbin:/usr/bin:/sbin:/bin:/usr/games:/usr/local/games:/snap/bin
10 verbose lifecycle home-site@1.0.0~format: CWD: /home/stelios/Documents/web-dev-2020/Home-Site
11 silly lifecycle home-site@1.0.0~format: Args: [ '-c', 'prettier --write "**/*.js|jsx"' ]
12 silly lifecycle home-site@1.0.0~format: Returned: code: 2  signal: null
13 info lifecycle home-site@1.0.0~format: Failed to exec format script
14 verbose stack Error: home-site@1.0.0 format: `prettier --write "**/*.js|jsx"`
14 verbose stack Exit status 2
14 verbose stack     at EventEmitter.<anonymous> (/usr/share/npm/lib/utils/lifecycle.js:232:16)
14 verbose stack     at emitTwo (events.js:126:13)
14 verbose stack     at EventEmitter.emit (events.js:214:7)
14 verbose stack     at ChildProcess.<anonymous> (/usr/share/npm/lib/utils/spawn.js:24:14)
14 verbose stack     at emitTwo (events.js:126:13)
14 verbose stack     at ChildProcess.emit (events.js:214:7)
14 verbose stack     at maybeClose (internal/child_process.js:925:16)
14 verbose stack     at Process.ChildProcess._handle.onexit (internal/child_process.js:209:5)
15 verbose pkgid home-site@1.0.0
16 verbose cwd /home/stelios/Documents/web-dev-2020/Home-Site
17 error Linux 5.3.0-45-generic
18 error argv "/usr/bin/node" "/usr/bin/npm" "run" "format"
19 error node v8.10.0
20 error npm  v3.5.2
21 error code ELIFECYCLE
22 error home-site@1.0.0 format: `prettier --write "**/*.js|jsx"`
22 error Exit status 2
23 error Failed at the home-site@1.0.0 format script 'prettier --write "**/*.js|jsx"'.
23 error Make sure you have the latest version of node.js and npm installed.
23 error If you do, this is most likely a problem with the home-site package,
23 error not with npm itself.
23 error Tell the author that this fails on your system:
23 error     prettier --write "**/*.js|jsx"
23 error You can get information on how to open an issue for this project with:
23 error     npm bugs home-site
23 error Or if that isn't available, you can get their info via:
23 error     npm owner ls home-site
23 error There is likely additional logging output above.
24 verbose exit [ 1, true ]
